<?xml version="1.0" encoding="UTF-8"?>
<!-- Generated by org.testng.reporters.JUnitXMLReporter -->
<testsuite ignored="0" hostname="LAPTOP-07QKOQSU" failures="1" tests="1" name="Verification of Title validation" time="21.564" errors="0" timestamp="2022-04-25T22:15:11 IST">
  <testcase classname="Academy.TitleValidation" name="ValidationOftitleHomePage" time="0.141">
    <failure type="junit.framework.ComparisonFailure" message="expected:&amp;lt;...&amp;gt; but was:&amp;lt;...88&amp;gt;">
      <![CDATA[junit.framework.ComparisonFailure: expected:<...> but was:<...88>
at junit.framework.Assert.assertEquals(Assert.java:81)
at junit.framework.Assert.assertEquals(Assert.java:87)
at Academy.TitleValidation.ValidationOftitleHomePage(TitleValidation.java:38)
at java.base/java.util.ArrayList.forEach(ArrayList.java:1511)
at java.base/java.util.concurrent.FutureTask.run(FutureTask.java:264)
at java.base/java.util.concurrent.ThreadPoolExecutor.runWorker(ThreadPoolExecutor.java:1136)
at java.base/java.util.concurrent.ThreadPoolExecutor$Worker.run(ThreadPoolExecutor.java:635)
at java.base/java.lang.Thread.run(Thread.java:833)
... Removed 18 stack frames]]>
    </failure>
  </testcase> <!-- ValidationOftitleHomePage -->
</testsuite> <!-- Verification of Title validation -->
